=========================
Fcitx 5.0.21 -- Get Signal No.: 11
Date: try "date -d @1675204884" if you are using GNU date ***
ProcessID: 2180
/usr/bin/fcitx5(+0x12e4c)[0x56112557ae4c]
/usr/lib/libc.so.6(+0x389e0)[0x7fedd20519e0]
/usr/lib/fcitx5/libunicode.so(+0x129ce)[0x7fedd09269ce]
/usr/lib/libFcitx5Core.so.7(_ZNK5fcitx8Instance9postEventERNS_5EventE+0x206)[0x7fedd2752556]
/usr/lib/libFcitx5Core.so.7(_ZN5fcitx12InputContext8keyEventERNS_8KeyEventE+0xa6)[0x7fedd2775d16]
/usr/lib/fcitx5/libdbusfrontend.so(+0x100af)[0x7fedd0e8e0af]
/usr/lib/fcitx5/libdbusfrontend.so(+0x10d24)[0x7fedd0e8ed24]
/usr/lib/libFcitx5Utils.so.2(+0x38449)[0x7fedd268c449]
/usr/lib/libFcitx5Utils.so.2(+0x3e17a)[0x7fedd269217a]
/usr/lib/libsystemd.so.0(+0x329dd)[0x7fedd24fa9dd]
/usr/lib/libsystemd.so.0(+0x48b82)[0x7fedd2510b82]
/usr/lib/libsystemd.so.0(+0x4a9a8)[0x7fedd25129a8]
/usr/lib/libsystemd.so.0(+0x7eb94)[0x7fedd2546b94]
/usr/lib/libsystemd.so.0(sd_event_dispatch+0x116)[0x7fedd2546d76]
/usr/lib/libsystemd.so.0(sd_event_run+0x119)[0x7fedd2548309]
/usr/lib/libsystemd.so.0(sd_event_loop+0x60)[0x7fedd25484e0]
/usr/lib/libFcitx5Utils.so.2(_ZN5fcitx9EventLoop4execEv+0x16)[0x7fedd2690d46]
/usr/lib/libFcitx5Core.so.7(_ZN5fcitx8Instance4execEv+0x57)[0x7fedd2755277]
/usr/bin/fcitx5(+0x11050)[0x561125579050]
/usr/lib/libc.so.6(+0x23290)[0x7fedd203c290]
/usr/lib/libc.so.6(__libc_start_main+0x8a)[0x7fedd203c34a]
/usr/bin/fcitx5(+0x12425)[0x56112557a425]
